{"/mnt/c/Users/Hugo/Documents/GitHub/css-modules-typings-loader/src/helpers.ts": {"path":"/mnt/c/Users/Hugo/Documents/GitHub/css-modules-typings-loader/src/helpers.ts","statementMap":{"0":{"start":{"line":5,"column":24},"end":{"line":39,"column":3}},"1":{"start":{"line":40,"column":2},"end":{"line":40,"column":42}},"2":{"start":{"line":54,"column":15},"end":{"line":54,"column":81}},"3":{"start":{"line":55,"column":2},"end":{"line":61,"column":3}},"4":{"start":{"line":56,"column":4},"end":{"line":60,"column":5}},"5":{"start":{"line":57,"column":6},"end":{"line":57,"column":18}},"6":{"start":{"line":59,"column":6},"end":{"line":59,"column":43}},"7":{"start":{"line":62,"column":2},"end":{"line":62,"column":16}},"8":{"start":{"line":71,"column":28},"end":{"line":71,"column":30}},"9":{"start":{"line":72,"column":2},"end":{"line":76,"column":5}},"10":{"start":{"line":73,"column":4},"end":{"line":75,"column":5}},"11":{"start":{"line":74,"column":6},"end":{"line":74,"column":63}},"12":{"start":{"line":77,"column":2},"end":{"line":77,"column":29}}},"fnMap":{"0":{"name":"filterReservedKeywords","decl":{"start":{"line":3,"column":16},"end":{"line":3,"column":38}},"loc":{"start":{"line":3,"column":66},"end":{"line":41,"column":1}},"line":3},"1":{"name":"buildbanner","decl":{"start":{"line":53,"column":16},"end":{"line":53,"column":27}},"loc":{"start":{"line":53,"column":64},"end":{"line":63,"column":1}},"line":53},"2":{"name":"buildTsExports","decl":{"start":{"line":70,"column":16},"end":{"line":70,"column":30}},"loc":{"start":{"line":70,"column":72},"end":{"line":78,"column":1}},"line":70},"3":{"name":"(anonymous_3)","decl":{"start":{"line":72,"column":40},"end":{"line":72,"column":41}},"loc":{"start":{"line":72,"column":47},"end":{"line":76,"column":3}},"line":72}},"branchMap":{"0":{"loc":{"start":{"line":55,"column":2},"end":{"line":61,"column":3}},"type":"if","locations":[{"start":{"line":55,"column":2},"end":{"line":61,"column":3}},{"start":{"line":55,"column":2},"end":{"line":61,"column":3}}],"line":55},"1":{"loc":{"start":{"line":56,"column":4},"end":{"line":60,"column":5}},"type":"if","locations":[{"start":{"line":56,"column":4},"end":{"line":60,"column":5}},{"start":{"line":56,"column":4},"end":{"line":60,"column":5}}],"line":56},"2":{"loc":{"start":{"line":73,"column":4},"end":{"line":75,"column":5}},"type":"if","locations":[{"start":{"line":73,"column":4},"end":{"line":75,"column":5}},{"start":{"line":73,"column":4},"end":{"line":75,"column":5}}],"line":73}},"s":{"0":6,"1":6,"2":3,"3":3,"4":2,"5":1,"6":1,"7":3,"8":3,"9":3,"10":4,"11":3,"12":3},"f":{"0":6,"1":3,"2":3,"3":4},"b":{"0":[2,1],"1":[1,1],"2":[3,1]},"_coverageSchema":"43e27e138ebf9cfc5966b082cf9a028302ed4184","hash":"607a862a09af7fa2a320c8060bdabaef7afb19b4"}
}
